{"E:\\الكلية\\ثالثة\\ترم اول\\Verification_Validation\\testing\\calculator.js": {"path":"E:\\الكلية\\ثالثة\\ترم اول\\Verification_Validation\\testing\\calculator.js","statementMap":{"0":{"start":{"line":2,"column":4},"end":{"line":4,"column":5}},"1":{"start":{"line":3,"column":6},"end":{"line":3,"column":45}},"2":{"start":{"line":5,"column":4},"end":{"line":5,"column":45}},"3":{"start":{"line":5,"column":26},"end":{"line":5,"column":45}},"4":{"start":{"line":6,"column":4},"end":{"line":6,"column":45}},"5":{"start":{"line":6,"column":26},"end":{"line":6,"column":45}},"6":{"start":{"line":7,"column":4},"end":{"line":7,"column":45}},"7":{"start":{"line":7,"column":26},"end":{"line":7,"column":45}},"8":{"start":{"line":8,"column":4},"end":{"line":8,"column":45}},"9":{"start":{"line":8,"column":26},"end":{"line":8,"column":45}},"10":{"start":{"line":10,"column":4},"end":{"line":13,"column":6}},"11":{"start":{"line":16,"column":2},"end":{"line":16,"column":34}}},"fnMap":{"0":{"name":"calculator","decl":{"start":{"line":1,"column":9},"end":{"line":1,"column":19}},"loc":{"start":{"line":1,"column":42},"end":{"line":14,"column":3}},"line":1}},"branchMap":{"0":{"loc":{"start":{"line":2,"column":4},"end":{"line":4,"column":5}},"type":"if","locations":[{"start":{"line":2,"column":4},"end":{"line":4,"column":5}},{"start":{},"end":{}}],"line":2},"1":{"loc":{"start":{"line":2,"column":8},"end":{"line":2,"column":60}},"type":"binary-expr","locations":[{"start":{"line":2,"column":8},"end":{"line":2,"column":32}},{"start":{"line":2,"column":36},"end":{"line":2,"column":60}}],"line":2},"2":{"loc":{"start":{"line":5,"column":4},"end":{"line":5,"column":45}},"type":"if","locations":[{"start":{"line":5,"column":4},"end":{"line":5,"column":45}},{"start":{},"end":{}}],"line":5},"3":{"loc":{"start":{"line":6,"column":4},"end":{"line":6,"column":45}},"type":"if","locations":[{"start":{"line":6,"column":4},"end":{"line":6,"column":45}},{"start":{},"end":{}}],"line":6},"4":{"loc":{"start":{"line":7,"column":4},"end":{"line":7,"column":45}},"type":"if","locations":[{"start":{"line":7,"column":4},"end":{"line":7,"column":45}},{"start":{},"end":{}}],"line":7},"5":{"loc":{"start":{"line":8,"column":4},"end":{"line":8,"column":45}},"type":"if","locations":[{"start":{"line":8,"column":4},"end":{"line":8,"column":45}},{"start":{},"end":{}}],"line":8}},"s":{"0":10,"1":2,"2":8,"3":1,"4":7,"5":1,"6":6,"7":1,"8":5,"9":3,"10":2,"11":1},"f":{"0":10},"b":{"0":[2,8],"1":[10,9],"2":[1,7],"3":[1,6],"4":[1,5],"5":[3,2]},"_coverageSchema":"1a1c01bbd47fc00a2c39e90264f33305004495a9","hash":"14ece077be746f923ed672d01e788e96e94da3fb"}
,"E:\\الكلية\\ثالثة\\ترم اول\\Verification_Validation\\testing\\email.js": {"path":"E:\\الكلية\\ثالثة\\ترم اول\\Verification_Validation\\testing\\email.js","statementMap":{"0":{"start":{"line":1,"column":17},"end":{"line":1,"column":67}},"1":{"start":{"line":4,"column":4},"end":{"line":6,"column":5}},"2":{"start":{"line":5,"column":8},"end":{"line":5,"column":47}},"3":{"start":{"line":7,"column":4},"end":{"line":7,"column":34}},"4":{"start":{"line":10,"column":0},"end":{"line":10,"column":35}}},"fnMap":{"0":{"name":"validateEmail","decl":{"start":{"line":3,"column":9},"end":{"line":3,"column":22}},"loc":{"start":{"line":3,"column":29},"end":{"line":8,"column":3}},"line":3}},"branchMap":{"0":{"loc":{"start":{"line":4,"column":4},"end":{"line":6,"column":5}},"type":"if","locations":[{"start":{"line":4,"column":4},"end":{"line":6,"column":5}},{"start":{},"end":{}}],"line":4}},"s":{"0":1,"1":10,"2":6,"3":4,"4":1},"f":{"0":10},"b":{"0":[6,4]},"_coverageSchema":"1a1c01bbd47fc00a2c39e90264f33305004495a9","hash":"c6d9ede0b36b648e11d961e5ed7dea6c94559b95"}
}
